[debug] [2021-07-25T05:05:09.430Z] ----------------------------------------------------------------------
[debug] [2021-07-25T05:05:09.431Z] Command:       /opt/homebrew/Cellar/node/16.3.0/bin/node /opt/homebrew/bin/firebase init firestore
[debug] [2021-07-25T05:05:09.431Z] CLI Version:   9.13.1
[debug] [2021-07-25T05:05:09.431Z] Platform:      darwin
[debug] [2021-07-25T05:05:09.431Z] Node Version:  v16.3.0
[debug] [2021-07-25T05:05:09.432Z] Time:          Sat Jul 24 2021 22:05:09 GMT-0700 (Pacific Daylight Time)
[debug] [2021-07-25T05:05:09.432Z] ----------------------------------------------------------------------
[debug] 
[debug] [2021-07-25T05:05:09.433Z] >>> [apiv2][query] GET https://firebase-public.firebaseio.com/cli.json [none]
[debug] [2021-07-25T05:05:09.442Z] > command requires scopes: ["email","openid","https://www.googleapis.com/auth/cloudplatformprojects.readonly","https://www.googleapis.com/auth/firebase","https://www.googleapis.com/auth/cloud-platform"]
[debug] [2021-07-25T05:05:09.442Z] > authorizing via signed-in user (ichen4302@gmail.com)
[info] 
     ######## #### ########  ######## ########     ###     ######  ########
     ##        ##  ##     ## ##       ##     ##  ##   ##  ##       ##
     ######    ##  ########  ######   ########  #########  ######  ######
     ##        ##  ##    ##  ##       ##     ## ##     ##       ## ##
     ##       #### ##     ## ######## ########  ##     ##  ######  ########

You're about to initialize a Firebase project in this directory:

  /Users/ichen/AndroidStudioProjects/EagleCleaners

[info] 
=== Project Setup
[info] 
[info] First, let's associate this project directory with a Firebase project.
[info] You can create multiple project aliases by running firebase use --add, 
[info] but for now we'll just set up a default project.
[info] 
[debug] [2021-07-25T05:05:09.612Z] <<< [apiv2][status] GET https://firebase-public.firebaseio.com/cli.json 200
[debug] [2021-07-25T05:05:09.612Z] <<< [apiv2][body] GET https://firebase-public.firebaseio.com/cli.json {"cloudBuildErrorAfter":1594252800000,"cloudBuildWarnAfter":1590019200000,"defaultNode10After":1594252800000,"minVersion":"3.0.5","node8DeploysDisabledAfter":1613390400000,"node8RuntimeDisabledAfter":1615809600000,"node8WarnAfter":1600128000000}
